<?xml version="1.0" encoding="UTF-8"?>
<!-- Generated by org.testng.reporters.JUnitReportReporter -->
<testsuite hostname="Admin-PC" failures="0" tests="1" name="com.facebook.scripts.VerifyRegisterPage" time="26.031" errors="0" timestamp="2022-09-23T16:58:36 IST" skipped="0">
  <testcase classname="com.facebook.scripts.VerifyRegisterPage" name="verifyRegisterPage" time="26.031"/>
  <system-out/>
</testsuite> <!-- com.facebook.scripts.VerifyRegisterPage -->
