<?xml version="1.0" encoding="UTF-8"?>
<!-- Generated by org.testng.reporters.JUnitReportReporter -->
<testsuite hostname="Admin-PC" failures="0" tests="1" name="com.facebook.scripts.VerifyRegisterPage" time="11.231" errors="0" timestamp="2022-09-23T17:02:29 IST" skipped="0">
  <testcase classname="com.facebook.scripts.VerifyRegisterPage" name="verifyRegisterPage" time="11.231"/>
  <system-out/>
</testsuite> <!-- com.facebook.scripts.VerifyRegisterPage -->
